Info: Starting: Create block symbol file (.bsf)
Info: ip-generate --project-directory=E:/UIUC/Senior/Resrarch/vectadd/ --output-directory=E:/UIUC/Senior/Resrarch/vectadd/vectadd/ --report-file=bsf:E:/UIUC/Senior/Resrarch/vectadd/vectadd.bsf --system-info=DEVICE_FAMILY="Cyclone II" --system-info=DEVICE=EP2C35F672C6 --system-info=DEVICE_SPEEDGRADE=6 --component-file=E:/UIUC/Senior/Resrarch/vectadd/vectadd.qsys
Progress: Loading vectadd/vectadd.qsys
Progress: Reading input file
Progress: Adding clk_0 [clock_source 13.0]
Progress: Parameterizing module clk_0
Progress: Adding nios2_qsys_0 [altera_nios2_qsys 13.0]
Progress: Parameterizing module nios2_qsys_0
Progress: Adding onchip_memory2_0 [altera_avalon_onchip_memory2 13.0.1.99.2]
Progress: Parameterizing module onchip_memory2_0
Progress: Adding jtag_uart_0 [altera_avalon_jtag_uart 13.0.1.99.2]
Progress: Parameterizing module jtag_uart_0
Progress: Adding to_hw_data [altera_avalon_pio 13.0.1.99.2]
Progress: Parameterizing module to_hw_data
Progress: Adding to_hw_sig [altera_avalon_pio 13.0.1.99.2]
Progress: Parameterizing module to_hw_sig
Progress: Adding to_sw_sig [altera_avalon_pio 13.0.1.99.2]
Progress: Parameterizing module to_sw_sig
Progress: Adding sysid_qsys_0 [altera_avalon_sysid_qsys 13.0]
Progress: Parameterizing module sysid_qsys_0
Progress: Building connections
Progress: Parameterizing connections
Progress: Validating
Progress: Done reading input file
Info: vectadd.to_sw_sig: PIO inputs are not hardwired in test bench. Undefined values will be read from PIO inputs during simulation.
Info: vectadd.sysid_qsys_0: System ID is not assigned automatically. Edit the System ID parameter to provide a unique ID
Info: vectadd.sysid_qsys_0: Time stamp will be automatically updated when this component is generated.
Info: ip-generate succeeded.
Info: Finished: Create block symbol file (.bsf)
Info: 
Info: Starting: Create HDL design files for synthesis
Info: ip-generate --project-directory=E:/UIUC/Senior/Resrarch/vectadd/ --output-directory=E:/UIUC/Senior/Resrarch/vectadd/vectadd/synthesis/ --file-set=QUARTUS_SYNTH --report-file=sopcinfo:E:/UIUC/Senior/Resrarch/vectadd/vectadd.sopcinfo --report-file=html:E:/UIUC/Senior/Resrarch/vectadd/vectadd.html --report-file=qip:E:/UIUC/Senior/Resrarch/vectadd/vectadd/synthesis/vectadd.qip --report-file=cmp:E:/UIUC/Senior/Resrarch/vectadd/vectadd.cmp --report-file=svd --system-info=DEVICE_FAMILY="Cyclone II" --system-info=DEVICE=EP2C35F672C6 --system-info=DEVICE_SPEEDGRADE=6 --component-file=E:/UIUC/Senior/Resrarch/vectadd/vectadd.qsys --language=VERILOG
Progress: Loading vectadd/vectadd.qsys
Progress: Reading input file
Progress: Adding clk_0 [clock_source 13.0]
Progress: Parameterizing module clk_0
Progress: Adding nios2_qsys_0 [altera_nios2_qsys 13.0]
Progress: Parameterizing module nios2_qsys_0
Progress: Adding onchip_memory2_0 [altera_avalon_onchip_memory2 13.0.1.99.2]
Progress: Parameterizing module onchip_memory2_0
Progress: Adding jtag_uart_0 [altera_avalon_jtag_uart 13.0.1.99.2]
Progress: Parameterizing module jtag_uart_0
Progress: Adding to_hw_data [altera_avalon_pio 13.0.1.99.2]
Progress: Parameterizing module to_hw_data
Progress: Adding to_hw_sig [altera_avalon_pio 13.0.1.99.2]
Progress: Parameterizing module to_hw_sig
Progress: Adding to_sw_sig [altera_avalon_pio 13.0.1.99.2]
Progress: Parameterizing module to_sw_sig
Progress: Adding sysid_qsys_0 [altera_avalon_sysid_qsys 13.0]
Progress: Parameterizing module sysid_qsys_0
Progress: Building connections
Progress: Parameterizing connections
Progress: Validating
Progress: Done reading input file
Info: vectadd.to_sw_sig: PIO inputs are not hardwired in test bench. Undefined values will be read from PIO inputs during simulation.
Info: vectadd.sysid_qsys_0: System ID is not assigned automatically. Edit the System ID parameter to provide a unique ID
Info: vectadd.sysid_qsys_0: Time stamp will be automatically updated when this component is generated.
Info: vectadd: Generating vectadd "vectadd" for QUARTUS_SYNTH
Info: pipeline_bridge_swap_transform: After transform: 8 modules, 30 connections
Info: No custom instruction connections, skipping transform 
Info: merlin_translator_transform: After transform: 17 modules, 60 connections
Info: merlin_domain_transform: After transform: 34 modules, 157 connections
Info: merlin_router_transform: After transform: 43 modules, 187 connections
Info: reset_adaptation_transform: After transform: 45 modules, 174 connections
Info: merlin_network_to_switch_transform: After transform: 62 modules, 212 connections
Info: merlin_mm_transform: After transform: 62 modules, 212 connections
Info: merlin_interrupt_mapper_transform: After transform: 63 modules, 215 connections
Warning: vectadd: "No matching role found for rst_controller:reset_out:reset_req (reset_req)"
Warning: vectadd: "No matching role found for rst_controller:reset_out:reset_req (reset_req)"
Warning: vectadd: "No matching role found for rst_controller:reset_out:reset_req (reset_req)"
Warning: vectadd: "No matching role found for rst_controller:reset_out:reset_req (reset_req)"
Warning: vectadd: "No matching role found for rst_controller:reset_out:reset_req (reset_req)"
Warning: vectadd: "No matching role found for rst_controller:reset_out:reset_req (reset_req)"
Warning: vectadd: "No matching role found for rst_controller:reset_out:reset_req (reset_req)"
Warning: vectadd: "No matching role found for rst_controller:reset_out:reset_req (reset_req)"
Warning: vectadd: "No matching role found for rst_controller:reset_out:reset_req (reset_req)"
Warning: vectadd: "No matching role found for rst_controller:reset_out:reset_req (reset_req)"
Warning: vectadd: "No matching role found for rst_controller:reset_out:reset_req (reset_req)"
Warning: vectadd: "No matching role found for rst_controller:reset_out:reset_req (reset_req)"
Warning: vectadd: "No matching role found for rst_controller:reset_out:reset_req (reset_req)"
Warning: vectadd: "No matching role found for rst_controller:reset_out:reset_req (reset_req)"
Warning: vectadd: "No matching role found for rst_controller:reset_out:reset_req (reset_req)"
Warning: vectadd: "No matching role found for rst_controller:reset_out:reset_req (reset_req)"
Warning: vectadd: "No matching role found for rst_controller:reset_out:reset_req (reset_req)"
Warning: vectadd: "No matching role found for rst_controller:reset_out:reset_req (reset_req)"
Warning: vectadd: "No matching role found for rst_controller:reset_out:reset_req (reset_req)"
Warning: vectadd: "No matching role found for rst_controller:reset_out:reset_req (reset_req)"
Warning: vectadd: "No matching role found for rst_controller:reset_out:reset_req (reset_req)"
Warning: vectadd: "No matching role found for rst_controller:reset_out:reset_req (reset_req)"
Warning: vectadd: "No matching role found for rst_controller:reset_out:reset_req (reset_req)"
Warning: vectadd: "No matching role found for rst_controller:reset_out:reset_req (reset_req)"
Warning: vectadd: "No matching role found for rst_controller:reset_out:reset_req (reset_req)"
Warning: vectadd: "No matching role found for rst_controller:reset_out:reset_req (reset_req)"
Warning: vectadd: "No matching role found for rst_controller:reset_out:reset_req (reset_req)"
Warning: vectadd: "No matching role found for rst_controller:reset_out:reset_req (reset_req)"
Warning: vectadd: "No matching role found for rst_controller:reset_out:reset_req (reset_req)"
Warning: vectadd: "No matching role found for rst_controller:reset_out:reset_req (reset_req)"
Warning: vectadd: "No matching role found for rst_controller:reset_out:reset_req (reset_req)"
Warning: vectadd: "No matching role found for rst_controller:reset_out:reset_req (reset_req)"
Warning: vectadd: "No matching role found for rst_controller:reset_out:reset_req (reset_req)"
Warning: vectadd: "No matching role found for rst_controller:reset_out:reset_req (reset_req)"
Warning: vectadd: "No matching role found for rst_controller:reset_out:reset_req (reset_req)"
Warning: vectadd: "No matching role found for rst_controller:reset_out:reset_req (reset_req)"
Warning: vectadd: "No matching role found for rst_controller:reset_out:reset_req (reset_req)"
Warning: vectadd: "No matching role found for rst_controller:reset_out:reset_req (reset_req)"
Info: nios2_qsys_0: Starting RTL generation for module 'vectadd_nios2_qsys_0'
Info: nios2_qsys_0:   Generation command is [exec C:/altera/13.0sp1/quartus/../ip/altera/nios2_ip/altera_nios2/eperl.exe -I C:/altera/13.0sp1/quartus/common/ip/altera/common/perl/5.8.3 -I C:/altera/13.0sp1/quartus/sopc_builder/bin/europa -I C:/altera/13.0sp1/quartus/sopc_builder/bin/perl_lib -I C:/altera/13.0sp1/quartus/sopc_builder/bin -I C:/altera/13.0sp1/quartus/../ip/altera/nios2_ip/altera_nios2/cpu_lib -I C:/altera/13.0sp1/quartus/../ip/altera/nios2_ip/altera_nios2/nios_lib -I C:/altera/13.0sp1/quartus/../ip/altera/nios2_ip/altera_nios2 -I C:/altera/13.0sp1/quartus/../ip/altera/nios2_ip/altera_nios2 -- C:/altera/13.0sp1/quartus/../ip/altera/nios2_ip/altera_nios2/generate_rtl.epl --name=vectadd_nios2_qsys_0 --dir=C:/Users/Pounds/AppData/Local/Temp/alt7130_6920208343383310864.dir/0001_nios2_qsys_0_gen/ --quartus_dir=C:/altera/13.0sp1/quartus --verilog --config=C:/Users/Pounds/AppData/Local/Temp/alt7130_6920208343383310864.dir/0001_nios2_qsys_0_gen//vectadd_nios2_qsys_0_processor_configuration.pl  --do_build_sim=0    --bogus  ]
Info: nios2_qsys_0: # 2016.11.24 21:56:06 (*) Starting Nios II generation
Info: nios2_qsys_0: # 2016.11.24 21:56:06 (*)   Checking for plaintext license.
Info: nios2_qsys_0: # 2016.11.24 21:56:06 (*)   Couldn't query license setup in Quartus directory C:/altera/13.0sp1/quartus
Info: nios2_qsys_0: # 2016.11.24 21:56:06 (*)   Defaulting to contents of LM_LICENSE_FILE environment variable
Info: nios2_qsys_0: # 2016.11.24 21:56:06 (*)   Plaintext license not found.
Info: nios2_qsys_0: # 2016.11.24 21:56:06 (*)   No license required to generate encrypted Nios II/e.
Info: nios2_qsys_0: # 2016.11.24 21:56:06 (*)   Elaborating CPU configuration settings
Info: nios2_qsys_0: # 2016.11.24 21:56:06 (*)   Creating all objects for CPU
Info: nios2_qsys_0: # 2016.11.24 21:56:07 (*)   Generating RTL from CPU objects
Info: nios2_qsys_0: # 2016.11.24 21:56:07 (*)   Creating plain-text RTL
Info: nios2_qsys_0: # 2016.11.24 21:56:10 (*) Done Nios II generation
Info: nios2_qsys_0: Done RTL generation for module 'vectadd_nios2_qsys_0'
Info: nios2_qsys_0: "vectadd" instantiated altera_nios2_qsys "nios2_qsys_0"
Info: onchip_memory2_0: Starting RTL generation for module 'vectadd_onchip_memory2_0'
Info: onchip_memory2_0:   Generation command is [exec C:/altera/13.0sp1/quartus/bin/perl/bin/perl.exe -I C:/altera/13.0sp1/quartus/common/ip/altera/common/perl/5.8.3 -I C:/altera/13.0sp1/quartus/sopc_builder/bin/europa -I C:/altera/13.0sp1/quartus/sopc_builder/bin/perl_lib -I C:/altera/13.0sp1/quartus/sopc_builder/bin -I C:/altera/13.0sp1/quartus/../ip/altera/sopc_builder_ip/common -I C:/altera/13.0sp1/quartus/../ip/altera/sopc_builder_ip/altera_avalon_onchip_memory2 -- C:/altera/13.0sp1/quartus/../ip/altera/sopc_builder_ip/altera_avalon_onchip_memory2/generate_rtl.pl --name=vectadd_onchip_memory2_0 --dir=C:/Users/Pounds/AppData/Local/Temp/alt7130_6920208343383310864.dir/0002_onchip_memory2_0_gen/ --quartus_dir=C:/altera/13.0sp1/quartus --verilog --config=C:/Users/Pounds/AppData/Local/Temp/alt7130_6920208343383310864.dir/0002_onchip_memory2_0_gen//vectadd_onchip_memory2_0_component_configuration.pl  --do_build_sim=0  ]
Info: onchip_memory2_0: Done RTL generation for module 'vectadd_onchip_memory2_0'
Info: onchip_memory2_0: "vectadd" instantiated altera_avalon_onchip_memory2 "onchip_memory2_0"
Info: jtag_uart_0: Starting RTL generation for module 'vectadd_jtag_uart_0'
Info: jtag_uart_0:   Generation command is [exec C:/altera/13.0sp1/quartus/bin/perl/bin/perl.exe -I C:/altera/13.0sp1/quartus/common/ip/altera/common/perl/5.8.3 -I C:/altera/13.0sp1/quartus/sopc_builder/bin/europa -I C:/altera/13.0sp1/quartus/sopc_builder/bin/perl_lib -I C:/altera/13.0sp1/quartus/sopc_builder/bin -I C:/altera/13.0sp1/quartus/../ip/altera/sopc_builder_ip/common -I C:/altera/13.0sp1/quartus/../ip/altera/sopc_builder_ip/altera_avalon_jtag_uart -- C:/altera/13.0sp1/quartus/../ip/altera/sopc_builder_ip/altera_avalon_jtag_uart/generate_rtl.pl --name=vectadd_jtag_uart_0 --dir=C:/Users/Pounds/AppData/Local/Temp/alt7130_6920208343383310864.dir/0003_jtag_uart_0_gen/ --quartus_dir=C:/altera/13.0sp1/quartus --verilog --config=C:/Users/Pounds/AppData/Local/Temp/alt7130_6920208343383310864.dir/0003_jtag_uart_0_gen//vectadd_jtag_uart_0_component_configuration.pl  --do_build_sim=0  ]
Info: jtag_uart_0: Done RTL generation for module 'vectadd_jtag_uart_0'
Info: jtag_uart_0: "vectadd" instantiated altera_avalon_jtag_uart "jtag_uart_0"
Info: to_hw_data: Starting RTL generation for module 'vectadd_to_hw_data'
Info: to_hw_data:   Generation command is [exec C:/altera/13.0sp1/quartus/bin/perl/bin/perl.exe -I C:/altera/13.0sp1/quartus/common/ip/altera/common/perl/5.8.3 -I C:/altera/13.0sp1/quartus/sopc_builder/bin/europa -I C:/altera/13.0sp1/quartus/sopc_builder/bin/perl_lib -I C:/altera/13.0sp1/quartus/sopc_builder/bin -I C:/altera/13.0sp1/quartus/../ip/altera/sopc_builder_ip/common -I C:/altera/13.0sp1/quartus/../ip/altera/sopc_builder_ip/altera_avalon_pio -- C:/altera/13.0sp1/quartus/../ip/altera/sopc_builder_ip/altera_avalon_pio/generate_rtl.pl --name=vectadd_to_hw_data --dir=C:/Users/Pounds/AppData/Local/Temp/alt7130_6920208343383310864.dir/0004_to_hw_data_gen/ --quartus_dir=C:/altera/13.0sp1/quartus --verilog --config=C:/Users/Pounds/AppData/Local/Temp/alt7130_6920208343383310864.dir/0004_to_hw_data_gen//vectadd_to_hw_data_component_configuration.pl  --do_build_sim=0  ]
Info: to_hw_data: Done RTL generation for module 'vectadd_to_hw_data'
Info: to_hw_data: "vectadd" instantiated altera_avalon_pio "to_hw_data"
Info: to_hw_sig: Starting RTL generation for module 'vectadd_to_hw_sig'
Info: to_hw_sig:   Generation command is [exec C:/altera/13.0sp1/quartus/bin/perl/bin/perl.exe -I C:/altera/13.0sp1/quartus/common/ip/altera/common/perl/5.8.3 -I C:/altera/13.0sp1/quartus/sopc_builder/bin/europa -I C:/altera/13.0sp1/quartus/sopc_builder/bin/perl_lib -I C:/altera/13.0sp1/quartus/sopc_builder/bin -I C:/altera/13.0sp1/quartus/../ip/altera/sopc_builder_ip/common -I C:/altera/13.0sp1/quartus/../ip/altera/sopc_builder_ip/altera_avalon_pio -- C:/altera/13.0sp1/quartus/../ip/altera/sopc_builder_ip/altera_avalon_pio/generate_rtl.pl --name=vectadd_to_hw_sig --dir=C:/Users/Pounds/AppData/Local/Temp/alt7130_6920208343383310864.dir/0005_to_hw_sig_gen/ --quartus_dir=C:/altera/13.0sp1/quartus --verilog --config=C:/Users/Pounds/AppData/Local/Temp/alt7130_6920208343383310864.dir/0005_to_hw_sig_gen//vectadd_to_hw_sig_component_configuration.pl  --do_build_sim=0  ]
Info: to_hw_sig: Done RTL generation for module 'vectadd_to_hw_sig'
Info: to_hw_sig: "vectadd" instantiated altera_avalon_pio "to_hw_sig"
Info: to_sw_sig: Starting RTL generation for module 'vectadd_to_sw_sig'
Info: to_sw_sig:   Generation command is [exec C:/altera/13.0sp1/quartus/bin/perl/bin/perl.exe -I C:/altera/13.0sp1/quartus/common/ip/altera/common/perl/5.8.3 -I C:/altera/13.0sp1/quartus/sopc_builder/bin/europa -I C:/altera/13.0sp1/quartus/sopc_builder/bin/perl_lib -I C:/altera/13.0sp1/quartus/sopc_builder/bin -I C:/altera/13.0sp1/quartus/../ip/altera/sopc_builder_ip/common -I C:/altera/13.0sp1/quartus/../ip/altera/sopc_builder_ip/altera_avalon_pio -- C:/altera/13.0sp1/quartus/../ip/altera/sopc_builder_ip/altera_avalon_pio/generate_rtl.pl --name=vectadd_to_sw_sig --dir=C:/Users/Pounds/AppData/Local/Temp/alt7130_6920208343383310864.dir/0006_to_sw_sig_gen/ --quartus_dir=C:/altera/13.0sp1/quartus --verilog --config=C:/Users/Pounds/AppData/Local/Temp/alt7130_6920208343383310864.dir/0006_to_sw_sig_gen//vectadd_to_sw_sig_component_configuration.pl  --do_build_sim=0  ]
Info: to_sw_sig: Done RTL generation for module 'vectadd_to_sw_sig'
Info: to_sw_sig: "vectadd" instantiated altera_avalon_pio "to_sw_sig"
Info: sysid_qsys_0: "vectadd" instantiated altera_avalon_sysid_qsys "sysid_qsys_0"
Info: nios2_qsys_0_instruction_master_translator: "vectadd" instantiated altera_merlin_master_translator "nios2_qsys_0_instruction_master_translator"
Info: nios2_qsys_0_jtag_debug_module_translator: "vectadd" instantiated altera_merlin_slave_translator "nios2_qsys_0_jtag_debug_module_translator"
Info: nios2_qsys_0_instruction_master_translator_avalon_universal_master_0_agent: "vectadd" instantiated altera_merlin_master_agent "nios2_qsys_0_instruction_master_translator_avalon_universal_master_0_agent"
Info: nios2_qsys_0_jtag_debug_module_translator_avalon_universal_slave_0_agent: "vectadd" instantiated altera_merlin_slave_agent "nios2_qsys_0_jtag_debug_module_translator_avalon_universal_slave_0_agent"
Info: nios2_qsys_0_jtag_debug_module_translator_avalon_universal_slave_0_agent_rsp_fifo: "vectadd" instantiated altera_avalon_sc_fifo "nios2_qsys_0_jtag_debug_module_translator_avalon_universal_slave_0_agent_rsp_fifo"
Info: addr_router: "vectadd" instantiated altera_merlin_router "addr_router"
Info: addr_router_001: "vectadd" instantiated altera_merlin_router "addr_router_001"
Info: id_router: "vectadd" instantiated altera_merlin_router "id_router"
Info: id_router_003: "vectadd" instantiated altera_merlin_router "id_router_003"
Info: rst_controller: "vectadd" instantiated altera_reset_controller "rst_controller"
Info: cmd_xbar_demux: "vectadd" instantiated altera_merlin_demultiplexer "cmd_xbar_demux"
Info: cmd_xbar_demux_001: "vectadd" instantiated altera_merlin_demultiplexer "cmd_xbar_demux_001"
Info: cmd_xbar_mux: "vectadd" instantiated altera_merlin_multiplexer "cmd_xbar_mux"
Info: rsp_xbar_demux: "vectadd" instantiated altera_merlin_demultiplexer "rsp_xbar_demux"
Info: rsp_xbar_demux_003: "vectadd" instantiated altera_merlin_demultiplexer "rsp_xbar_demux_003"
Info: rsp_xbar_mux: "vectadd" instantiated altera_merlin_multiplexer "rsp_xbar_mux"
Info: Reusing file E:/UIUC/Senior/Resrarch/vectadd/vectadd/synthesis/submodules/altera_merlin_arbitrator.sv
Info: rsp_xbar_mux_001: "vectadd" instantiated altera_merlin_multiplexer "rsp_xbar_mux_001"
Info: Reusing file E:/UIUC/Senior/Resrarch/vectadd/vectadd/synthesis/submodules/altera_merlin_arbitrator.sv
Info: irq_mapper: "vectadd" instantiated altera_irq_mapper "irq_mapper"
Info: vectadd: Done vectadd" with 26 modules, 83 files, 1793720 bytes
Info: ip-generate succeeded.
Info: Finished: Create HDL design files for synthesis
