Flow report for vectadd
Fri Nov 25 15:26:33 2016
Quartus II 64-Bit Version 13.0.1 Build 232 06/12/2013 Service Pack 1 SJ Full Version


---------------------
; Table of Contents ;
---------------------
  1. Legal Notice
  2. Flow Summary
  3. Flow Settings
  4. Flow Non-Default Global Settings
  5. Flow Elapsed Time
  6. Flow OS Summary
  7. Flow Log
  8. Flow Messages
  9. Flow Suppressed Messages



----------------
; Legal Notice ;
----------------
Copyright (C) 1991-2013 Altera Corporation
Your use of Altera Corporation's design tools, logic functions 
and other software and tools, and its AMPP partner logic 
functions, and any output files from any of the foregoing 
(including device programming or simulation files), and any 
associated documentation or information are expressly subject 
to the terms and conditions of the Altera Program License 
Subscription Agreement, Altera MegaCore Function License 
Agreement, or other applicable license agreement, including, 
without limitation, that your use is for the sole purpose of 
programming logic devices manufactured by Altera and sold by 
Altera or its authorized distributors.  Please refer to the 
applicable agreement for further details.



+---------------------------------------------------------------------------------------+
; Flow Summary                                                                          ;
+------------------------------------+--------------------------------------------------+
; Flow Status                        ; Successful - Fri Nov 25 15:26:33 2016            ;
; Quartus II 64-Bit Version          ; 13.0.1 Build 232 06/12/2013 SP 1 SJ Full Version ;
; Revision Name                      ; vectadd                                          ;
; Top-level Entity Name              ; vectoradd_accelerator                            ;
; Family                             ; Cyclone II                                       ;
; Device                             ; EP2C35F672C6                                     ;
; Timing Models                      ; Final                                            ;
; Total logic elements               ; 2,093 / 33,216 ( 6 % )                           ;
;     Total combinational functions  ; 1,876 / 33,216 ( 6 % )                           ;
;     Dedicated logic registers      ; 1,170 / 33,216 ( 4 % )                           ;
; Total registers                    ; 1170                                             ;
; Total pins                         ; 32 / 475 ( 7 % )                                 ;
; Total virtual pins                 ; 0                                                ;
; Total memory bits                  ; 411,264 / 483,840 ( 85 % )                       ;
; Embedded Multiplier 9-bit elements ; 0 / 70 ( 0 % )                                   ;
; Total PLLs                         ; 0 / 4 ( 0 % )                                    ;
+------------------------------------+--------------------------------------------------+


+-----------------------------------------+
; Flow Settings                           ;
+-------------------+---------------------+
; Option            ; Setting             ;
+-------------------+---------------------+
; Start date & time ; 11/25/2016 15:25:55 ;
; Main task         ; Compilation         ;
; Revision Name     ; vectadd             ;
+-------------------+---------------------+


+--------------------------------------------------------------------------------------------------------------------------------------------------------------------+
; Flow Non-Default Global Settings                                                                                                                                   ;
+-------------------------------------+-----------------------------------------------------------+---------------+---------------------------------+----------------+
; Assignment Name                     ; Value                                                     ; Default Value ; Entity Name                     ; Section Id     ;
+-------------------------------------+-----------------------------------------------------------+---------------+---------------------------------+----------------+
; COMPILER_SIGNATURE_ID               ; 24062491136.148010915407144                               ; --            ; --                              ; --             ;
; EDA_OUTPUT_DATA_FORMAT              ; Systemverilog Hdl                                         ; --            ; --                              ; eda_simulation ;
; EDA_SIMULATION_TOOL                 ; ModelSim-Altera (SystemVerilog)                           ; <None>        ; --                              ; --             ;
; IP_TOOL_ENV                         ; Qsys                                                      ; --            ; altera_avalon_sc_fifo           ; --             ;
; IP_TOOL_ENV                         ; Qsys                                                      ; --            ; altera_merlin_master_agent      ; --             ;
; IP_TOOL_ENV                         ; Qsys                                                      ; --            ; altera_merlin_master_translator ; --             ;
; IP_TOOL_ENV                         ; Qsys                                                      ; --            ; altera_merlin_slave_agent       ; --             ;
; IP_TOOL_ENV                         ; Qsys                                                      ; --            ; altera_merlin_slave_translator  ; --             ;
; IP_TOOL_ENV                         ; Qsys                                                      ; --            ; altera_reset_controller         ; --             ;
; IP_TOOL_ENV                         ; Qsys                                                      ; --            ; --                              ; --             ;
; IP_TOOL_ENV                         ; Qsys                                                      ; --            ; vectadd_addr_router             ; --             ;
; IP_TOOL_ENV                         ; Qsys                                                      ; --            ; vectadd_addr_router_001         ; --             ;
; IP_TOOL_ENV                         ; Qsys                                                      ; --            ; vectadd_cmd_xbar_demux          ; --             ;
; IP_TOOL_ENV                         ; Qsys                                                      ; --            ; vectadd_cmd_xbar_demux_001      ; --             ;
; IP_TOOL_ENV                         ; Qsys                                                      ; --            ; vectadd_cmd_xbar_mux            ; --             ;
; IP_TOOL_ENV                         ; Qsys                                                      ; --            ; vectadd_id_router               ; --             ;
; IP_TOOL_ENV                         ; Qsys                                                      ; --            ; vectadd_id_router_003           ; --             ;
; IP_TOOL_ENV                         ; Qsys                                                      ; --            ; vectadd_irq_mapper              ; --             ;
; IP_TOOL_ENV                         ; Qsys                                                      ; --            ; vectadd_jtag_uart_0             ; --             ;
; IP_TOOL_ENV                         ; Qsys                                                      ; --            ; vectadd_nios2_qsys_0            ; --             ;
; IP_TOOL_ENV                         ; Qsys                                                      ; --            ; vectadd_onchip_memory2_0        ; --             ;
; IP_TOOL_ENV                         ; Qsys                                                      ; --            ; vectadd_rsp_xbar_demux          ; --             ;
; IP_TOOL_ENV                         ; Qsys                                                      ; --            ; vectadd_rsp_xbar_demux_003      ; --             ;
; IP_TOOL_ENV                         ; Qsys                                                      ; --            ; vectadd_rsp_xbar_mux            ; --             ;
; IP_TOOL_ENV                         ; Qsys                                                      ; --            ; vectadd_rsp_xbar_mux_001        ; --             ;
; IP_TOOL_ENV                         ; Qsys                                                      ; --            ; vectadd_sysid_qsys_0            ; --             ;
; IP_TOOL_ENV                         ; Qsys                                                      ; --            ; vectadd_to_hw_data              ; --             ;
; IP_TOOL_ENV                         ; Qsys                                                      ; --            ; vectadd_to_hw_sig               ; --             ;
; IP_TOOL_ENV                         ; Qsys                                                      ; --            ; vectadd_to_sw_sig               ; --             ;
; IP_TOOL_NAME                        ; altera_avalon_sc_fifo                                     ; --            ; altera_avalon_sc_fifo           ; --             ;
; IP_TOOL_NAME                        ; altera_merlin_master_agent                                ; --            ; altera_merlin_master_agent      ; --             ;
; IP_TOOL_NAME                        ; altera_merlin_master_translator                           ; --            ; altera_merlin_master_translator ; --             ;
; IP_TOOL_NAME                        ; altera_merlin_slave_agent                                 ; --            ; altera_merlin_slave_agent       ; --             ;
; IP_TOOL_NAME                        ; altera_merlin_slave_translator                            ; --            ; altera_merlin_slave_translator  ; --             ;
; IP_TOOL_NAME                        ; altera_reset_controller                                   ; --            ; altera_reset_controller         ; --             ;
; IP_TOOL_NAME                        ; Qsys                                                      ; --            ; --                              ; --             ;
; IP_TOOL_NAME                        ; altera_merlin_router                                      ; --            ; vectadd_addr_router             ; --             ;
; IP_TOOL_NAME                        ; altera_merlin_router                                      ; --            ; vectadd_addr_router_001         ; --             ;
; IP_TOOL_NAME                        ; altera_merlin_demultiplexer                               ; --            ; vectadd_cmd_xbar_demux          ; --             ;
; IP_TOOL_NAME                        ; altera_merlin_demultiplexer                               ; --            ; vectadd_cmd_xbar_demux_001      ; --             ;
; IP_TOOL_NAME                        ; altera_merlin_multiplexer                                 ; --            ; vectadd_cmd_xbar_mux            ; --             ;
; IP_TOOL_NAME                        ; altera_merlin_router                                      ; --            ; vectadd_id_router               ; --             ;
; IP_TOOL_NAME                        ; altera_merlin_router                                      ; --            ; vectadd_id_router_003           ; --             ;
; IP_TOOL_NAME                        ; altera_irq_mapper                                         ; --            ; vectadd_irq_mapper              ; --             ;
; IP_TOOL_NAME                        ; altera_avalon_jtag_uart                                   ; --            ; vectadd_jtag_uart_0             ; --             ;
; IP_TOOL_NAME                        ; altera_nios2_qsys                                         ; --            ; vectadd_nios2_qsys_0            ; --             ;
; IP_TOOL_NAME                        ; altera_avalon_onchip_memory2                              ; --            ; vectadd_onchip_memory2_0        ; --             ;
; IP_TOOL_NAME                        ; altera_merlin_demultiplexer                               ; --            ; vectadd_rsp_xbar_demux          ; --             ;
; IP_TOOL_NAME                        ; altera_merlin_demultiplexer                               ; --            ; vectadd_rsp_xbar_demux_003      ; --             ;
; IP_TOOL_NAME                        ; altera_merlin_multiplexer                                 ; --            ; vectadd_rsp_xbar_mux            ; --             ;
; IP_TOOL_NAME                        ; altera_merlin_multiplexer                                 ; --            ; vectadd_rsp_xbar_mux_001        ; --             ;
; IP_TOOL_NAME                        ; altera_avalon_sysid_qsys                                  ; --            ; vectadd_sysid_qsys_0            ; --             ;
; IP_TOOL_NAME                        ; altera_avalon_pio                                         ; --            ; vectadd_to_hw_data              ; --             ;
; IP_TOOL_NAME                        ; altera_avalon_pio                                         ; --            ; vectadd_to_hw_sig               ; --             ;
; IP_TOOL_NAME                        ; altera_avalon_pio                                         ; --            ; vectadd_to_sw_sig               ; --             ;
; IP_TOOL_VERSION                     ; 13.0                                                      ; --            ; altera_avalon_sc_fifo           ; --             ;
; IP_TOOL_VERSION                     ; 13.0                                                      ; --            ; altera_merlin_master_agent      ; --             ;
; IP_TOOL_VERSION                     ; 13.0                                                      ; --            ; altera_merlin_master_translator ; --             ;
; IP_TOOL_VERSION                     ; 13.0                                                      ; --            ; altera_merlin_slave_agent       ; --             ;
; IP_TOOL_VERSION                     ; 13.0                                                      ; --            ; altera_merlin_slave_translator  ; --             ;
; IP_TOOL_VERSION                     ; 13.0                                                      ; --            ; altera_reset_controller         ; --             ;
; IP_TOOL_VERSION                     ; 13.0sp1                                                   ; --            ; --                              ; --             ;
; IP_TOOL_VERSION                     ; 13.0                                                      ; --            ; vectadd_addr_router             ; --             ;
; IP_TOOL_VERSION                     ; 13.0                                                      ; --            ; vectadd_addr_router_001         ; --             ;
; IP_TOOL_VERSION                     ; 13.0                                                      ; --            ; vectadd_cmd_xbar_demux          ; --             ;
; IP_TOOL_VERSION                     ; 13.0                                                      ; --            ; vectadd_cmd_xbar_demux_001      ; --             ;
; IP_TOOL_VERSION                     ; 13.0                                                      ; --            ; vectadd_cmd_xbar_mux            ; --             ;
; IP_TOOL_VERSION                     ; 13.0                                                      ; --            ; vectadd_id_router               ; --             ;
; IP_TOOL_VERSION                     ; 13.0                                                      ; --            ; vectadd_id_router_003           ; --             ;
; IP_TOOL_VERSION                     ; 13.0                                                      ; --            ; vectadd_irq_mapper              ; --             ;
; IP_TOOL_VERSION                     ; 13.0.1.99.2                                               ; --            ; vectadd_jtag_uart_0             ; --             ;
; IP_TOOL_VERSION                     ; 13.0                                                      ; --            ; vectadd_nios2_qsys_0            ; --             ;
; IP_TOOL_VERSION                     ; 13.0.1.99.2                                               ; --            ; vectadd_onchip_memory2_0        ; --             ;
; IP_TOOL_VERSION                     ; 13.0                                                      ; --            ; vectadd_rsp_xbar_demux          ; --             ;
; IP_TOOL_VERSION                     ; 13.0                                                      ; --            ; vectadd_rsp_xbar_demux_003      ; --             ;
; IP_TOOL_VERSION                     ; 13.0                                                      ; --            ; vectadd_rsp_xbar_mux            ; --             ;
; IP_TOOL_VERSION                     ; 13.0                                                      ; --            ; vectadd_rsp_xbar_mux_001        ; --             ;
; IP_TOOL_VERSION                     ; 13.0                                                      ; --            ; vectadd_sysid_qsys_0            ; --             ;
; IP_TOOL_VERSION                     ; 13.0.1.99.2                                               ; --            ; vectadd_to_hw_data              ; --             ;
; IP_TOOL_VERSION                     ; 13.0.1.99.2                                               ; --            ; vectadd_to_hw_sig               ; --             ;
; IP_TOOL_VERSION                     ; 13.0.1.99.2                                               ; --            ; vectadd_to_sw_sig               ; --             ;
; MAX_CORE_JUNCTION_TEMP              ; 85                                                        ; --            ; --                              ; --             ;
; MIN_CORE_JUNCTION_TEMP              ; 0                                                         ; --            ; --                              ; --             ;
; MISC_FILE                           ; vectadd/synthesis/../../vectadd.cmp                       ; --            ; --                              ; --             ;
; MISC_FILE                           ; vectadd/synthesis/../../vectadd.qsys                      ; --            ; --                              ; --             ;
; PARTITION_COLOR                     ; 16764057                                                  ; --            ; vectoradd_accelerator           ; Top            ;
; PARTITION_FITTER_PRESERVATION_LEVEL ; PLACEMENT_AND_ROUTING                                     ; --            ; vectoradd_accelerator           ; Top            ;
; PARTITION_NETLIST_TYPE              ; SOURCE                                                    ; --            ; vectoradd_accelerator           ; Top            ;
; POWER_BOARD_THERMAL_MODEL           ; None (CONSERVATIVE)                                       ; --            ; --                              ; --             ;
; POWER_PRESET_COOLING_SOLUTION       ; 23 MM HEAT SINK WITH 200 LFPM AIRFLOW                     ; --            ; --                              ; --             ;
; PROJECT_OUTPUT_DIRECTORY            ; output_files                                              ; --            ; --                              ; --             ;
; SLD_INFO                            ; QSYS_NAME vectadd HAS_SOPCINFO 1 GENERATION_ID 1480046161 ; --            ; --                              ; --             ;
; SOPCINFO_FILE                       ; vectadd/synthesis/../../vectadd.sopcinfo                  ; --            ; --                              ; --             ;
; SYNTHESIS_ONLY_QIP                  ; On                                                        ; --            ; --                              ; --             ;
; TOP_LEVEL_ENTITY                    ; vectoradd_accelerator                                     ; vectadd       ; --                              ; --             ;
+-------------------------------------+-----------------------------------------------------------+---------------+---------------------------------+----------------+


+-------------------------------------------------------------------------------------------------------------------------------+
; Flow Elapsed Time                                                                                                             ;
+---------------------------+--------------+-------------------------+---------------------+------------------------------------+
; Module Name               ; Elapsed Time ; Average Processors Used ; Peak Virtual Memory ; Total CPU Time (on all processors) ;
+---------------------------+--------------+-------------------------+---------------------+------------------------------------+
; Analysis & Synthesis      ; 00:00:13     ; 1.0                     ; 630 MB              ; 00:00:12                           ;
; Fitter                    ; 00:00:13     ; 1.3                     ; 1253 MB             ; 00:00:18                           ;
; Assembler                 ; 00:00:03     ; 1.0                     ; 479 MB              ; 00:00:03                           ;
; TimeQuest Timing Analyzer ; 00:00:03     ; 1.0                     ; 511 MB              ; 00:00:02                           ;
; EDA Netlist Writer        ; 00:00:02     ; 1.0                     ; 458 MB              ; 00:00:02                           ;
; Total                     ; 00:00:34     ; --                      ; --                  ; 00:00:37                           ;
+---------------------------+--------------+-------------------------+---------------------+------------------------------------+


+----------------------------------------------------------------------------------------+
; Flow OS Summary                                                                        ;
+---------------------------+------------------+-----------+------------+----------------+
; Module Name               ; Machine Hostname ; OS Name   ; OS Version ; Processor type ;
+---------------------------+------------------+-----------+------------+----------------+
; Analysis & Synthesis      ; POUNDS-PC        ; Windows 7 ; 6.2        ; x86_64         ;
; Fitter                    ; POUNDS-PC        ; Windows 7 ; 6.2        ; x86_64         ;
; Assembler                 ; POUNDS-PC        ; Windows 7 ; 6.2        ; x86_64         ;
; TimeQuest Timing Analyzer ; POUNDS-PC        ; Windows 7 ; 6.2        ; x86_64         ;
; EDA Netlist Writer        ; POUNDS-PC        ; Windows 7 ; 6.2        ; x86_64         ;
+---------------------------+------------------+-----------+------------+----------------+


------------
; Flow Log ;
------------
quartus_map --read_settings_files=on --write_settings_files=off vectadd -c vectadd
quartus_fit --read_settings_files=off --write_settings_files=off vectadd -c vectadd
quartus_asm --read_settings_files=off --write_settings_files=off vectadd -c vectadd
quartus_sta vectadd -c vectadd
quartus_eda --read_settings_files=off --write_settings_files=off vectadd -c vectadd



